[2020-11-05 23:29:05.690] [exthost] [info] extension host started
[2020-11-05 23:29:06.022] [exthost] [info] ExtensionService#_doActivateExtension vscode.microsoft-authentication {"startup":false,"extensionId":{"value":"vscode.microsoft-authentication","_lower":"vscode.microsoft-authentication"},"activationEvent":"onAuthenticationRequest:microsoft"}
[2020-11-05 23:29:06.022] [exthost] [info] ExtensionService#loadCommonJSModule file:///snap/code/48/usr/share/code/resources/app/extensions/microsoft-authentication/dist/extension.js
[2020-11-05 23:29:06.060] [exthost] [info] ExtensionService#_doActivateExtension ms-vscode.js-debug {"startup":false,"extensionId":{"value":"ms-vscode.js-debug","_lower":"ms-vscode.js-debug"},"activationEvent":"onDebugDynamicConfigurations"}
[2020-11-05 23:29:06.065] [exthost] [info] ExtensionService#loadCommonJSModule file:///snap/code/48/usr/share/code/resources/app/extensions/ms-vscode.js-debug/src/extension.js
[2020-11-05 23:29:07.193] [exthost] [info] ExtensionService#_doActivateExtension vscode.php-language-features {"startup":false,"extensionId":{"value":"vscode.php-language-features","_lower":"vscode.php-language-features"},"activationEvent":"onLanguage:php"}
[2020-11-05 23:29:07.200] [exthost] [info] ExtensionService#loadCommonJSModule file:///snap/code/48/usr/share/code/resources/app/extensions/php-language-features/dist/phpMain
[2020-11-05 23:29:07.217] [exthost] [info] ExtensionService#_doActivateExtension vscode.debug-auto-launch {"startup":true,"extensionId":{"value":"vscode.debug-auto-launch","_lower":"vscode.debug-auto-launch"},"activationEvent":"*"}
[2020-11-05 23:29:07.219] [exthost] [info] ExtensionService#loadCommonJSModule file:///snap/code/48/usr/share/code/resources/app/extensions/debug-auto-launch/dist/extension
[2020-11-05 23:29:07.224] [exthost] [info] ExtensionService#_doActivateExtension vscode.emmet {"startup":true,"extensionId":{"value":"vscode.emmet","_lower":"vscode.emmet"},"activationEvent":"*"}
[2020-11-05 23:29:07.224] [exthost] [info] ExtensionService#loadCommonJSModule file:///snap/code/48/usr/share/code/resources/app/extensions/emmet/dist/node/emmetNodeMain
[2020-11-05 23:29:07.275] [exthost] [info] ExtensionService#_doActivateExtension vscode.git {"startup":true,"extensionId":{"value":"vscode.github","_lower":"vscode.github"},"activationEvent":"*"}
[2020-11-05 23:29:07.275] [exthost] [info] ExtensionService#loadCommonJSModule file:///snap/code/48/usr/share/code/resources/app/extensions/git/dist/main
[2020-11-05 23:29:07.365] [exthost] [info] ExtensionService#_doActivateExtension vscode.merge-conflict {"startup":true,"extensionId":{"value":"vscode.merge-conflict","_lower":"vscode.merge-conflict"},"activationEvent":"*"}
[2020-11-05 23:29:07.365] [exthost] [info] ExtensionService#loadCommonJSModule file:///snap/code/48/usr/share/code/resources/app/extensions/merge-conflict/dist/mergeConflictMain
[2020-11-05 23:29:07.371] [exthost] [info] ExtensionService#_doActivateExtension vscode.search-result {"startup":true,"extensionId":{"value":"vscode.search-result","_lower":"vscode.search-result"},"activationEvent":"*"}
[2020-11-05 23:29:07.371] [exthost] [info] ExtensionService#loadCommonJSModule file:///snap/code/48/usr/share/code/resources/app/extensions/search-result/dist/extension.js
[2020-11-05 23:29:07.811] [exthost] [info] ExtensionService#_doActivateExtension vscode.github {"startup":true,"extensionId":{"value":"vscode.github","_lower":"vscode.github"},"activationEvent":"*"}
[2020-11-05 23:29:07.811] [exthost] [info] ExtensionService#loadCommonJSModule file:///snap/code/48/usr/share/code/resources/app/extensions/github/dist/extension.js
[2020-11-05 23:29:07.842] [exthost] [info] eager extensions activated
[2020-11-05 23:29:07.897] [exthost] [info] ExtensionService#_doActivateExtension vscode.github-authentication {"startup":false,"extensionId":{"value":"vscode.github-authentication","_lower":"vscode.github-authentication"},"activationEvent":"onAuthenticationRequest:github"}
[2020-11-05 23:29:07.897] [exthost] [info] ExtensionService#loadCommonJSModule file:///snap/code/48/usr/share/code/resources/app/extensions/github-authentication/dist/extension.js
[2020-11-05 23:32:28.319] [exthost] [info] ExtensionService#_doActivateExtension vscode.image-preview {"startup":false,"extensionId":{"value":"vscode.image-preview","_lower":"vscode.image-preview"},"activationEvent":"onCustomEditor:imagePreview.previewEditor"}
[2020-11-05 23:32:28.319] [exthost] [info] ExtensionService#loadCommonJSModule file:///snap/code/48/usr/share/code/resources/app/extensions/image-preview/dist/extension
[2020-11-05 23:33:00.207] [exthost] [info] ExtensionService#_doActivateExtension vscode.html-language-features {"startup":false,"extensionId":{"value":"vscode.html-language-features","_lower":"vscode.html-language-features"},"activationEvent":"onLanguage:html"}
[2020-11-05 23:33:00.207] [exthost] [info] ExtensionService#loadCommonJSModule file:///snap/code/48/usr/share/code/resources/app/extensions/html-language-features/client/dist/node/htmlClientMain
[2020-11-05 23:33:15.926] [exthost] [info] ExtensionService#_doActivateExtension vscode.css-language-features {"startup":false,"extensionId":{"value":"vscode.css-language-features","_lower":"vscode.css-language-features"},"activationEvent":"onLanguage:css"}
[2020-11-05 23:33:15.926] [exthost] [info] ExtensionService#loadCommonJSModule file:///snap/code/48/usr/share/code/resources/app/extensions/css-language-features/client/dist/node/cssClientMain
