[2020-11-08 22:14:51.986] [exthost] [info] extension host started
[2020-11-08 22:14:52.372] [exthost] [info] ExtensionService#_doActivateExtension vscode.microsoft-authentication {"startup":false,"extensionId":{"value":"vscode.microsoft-authentication","_lower":"vscode.microsoft-authentication"},"activationEvent":"onAuthenticationRequest:microsoft"}
[2020-11-08 22:14:52.372] [exthost] [info] ExtensionService#loadCommonJSModule file:///snap/code/49/usr/share/code/resources/app/extensions/microsoft-authentication/dist/extension.js
[2020-11-08 22:14:52.462] [exthost] [info] ExtensionService#_doActivateExtension vscode.php-language-features {"startup":false,"extensionId":{"value":"vscode.php-language-features","_lower":"vscode.php-language-features"},"activationEvent":"onLanguage:php"}
[2020-11-08 22:14:52.474] [exthost] [info] ExtensionService#loadCommonJSModule file:///snap/code/49/usr/share/code/resources/app/extensions/php-language-features/dist/phpMain
[2020-11-08 22:14:52.544] [exthost] [info] ExtensionService#_doActivateExtension felixfbecker.php-intellisense {"startup":false,"extensionId":{"value":"felixfbecker.php-intellisense","_lower":"felixfbecker.php-intellisense"},"activationEvent":"onLanguage:php"}
[2020-11-08 22:14:52.544] [exthost] [info] ExtensionService#loadCommonJSModule file:///root/.vscode/extensions/felixfbecker.php-intellisense-2.3.14/out/extension
[2020-11-08 22:14:52.957] [exthost] [info] ExtensionService#_doActivateExtension vscode.debug-auto-launch {"startup":true,"extensionId":{"value":"vscode.debug-auto-launch","_lower":"vscode.debug-auto-launch"},"activationEvent":"*"}
[2020-11-08 22:14:52.957] [exthost] [info] ExtensionService#loadCommonJSModule file:///snap/code/49/usr/share/code/resources/app/extensions/debug-auto-launch/dist/extension
[2020-11-08 22:14:52.966] [exthost] [info] ExtensionService#_doActivateExtension vscode.emmet {"startup":true,"extensionId":{"value":"vscode.emmet","_lower":"vscode.emmet"},"activationEvent":"*"}
[2020-11-08 22:14:52.966] [exthost] [info] ExtensionService#loadCommonJSModule file:///snap/code/49/usr/share/code/resources/app/extensions/emmet/dist/node/emmetNodeMain
[2020-11-08 22:14:53.099] [exthost] [info] ExtensionService#_doActivateExtension vscode.git {"startup":true,"extensionId":{"value":"vscode.github","_lower":"vscode.github"},"activationEvent":"*"}
[2020-11-08 22:14:53.107] [exthost] [info] ExtensionService#loadCommonJSModule file:///snap/code/49/usr/share/code/resources/app/extensions/git/dist/main
[2020-11-08 22:14:53.293] [exthost] [info] ExtensionService#_doActivateExtension vscode.merge-conflict {"startup":true,"extensionId":{"value":"vscode.merge-conflict","_lower":"vscode.merge-conflict"},"activationEvent":"*"}
[2020-11-08 22:14:53.297] [exthost] [info] ExtensionService#loadCommonJSModule file:///snap/code/49/usr/share/code/resources/app/extensions/merge-conflict/dist/mergeConflictMain
[2020-11-08 22:14:53.300] [exthost] [info] ExtensionService#_doActivateExtension vscode.search-result {"startup":true,"extensionId":{"value":"vscode.search-result","_lower":"vscode.search-result"},"activationEvent":"*"}
[2020-11-08 22:14:53.304] [exthost] [info] ExtensionService#loadCommonJSModule file:///snap/code/49/usr/share/code/resources/app/extensions/search-result/dist/extension.js
[2020-11-08 22:14:53.961] [exthost] [warning] [Decorations] CAPPING events from decorations provider vscode.git 475
[2020-11-08 22:14:54.318] [exthost] [info] ExtensionService#_doActivateExtension vscode.github {"startup":true,"extensionId":{"value":"vscode.github","_lower":"vscode.github"},"activationEvent":"*"}
[2020-11-08 22:14:54.321] [exthost] [info] ExtensionService#loadCommonJSModule file:///snap/code/49/usr/share/code/resources/app/extensions/github/dist/extension.js
[2020-11-08 22:14:54.713] [exthost] [info] ExtensionService#_doActivateExtension ms-vscode.js-debug {"startup":false,"extensionId":{"value":"ms-vscode.js-debug","_lower":"ms-vscode.js-debug"},"activationEvent":"onCommand:extension.js-debug.clearAutoAttachVariables"}
[2020-11-08 22:14:54.713] [exthost] [info] ExtensionService#loadCommonJSModule file:///snap/code/49/usr/share/code/resources/app/extensions/ms-vscode.js-debug/src/extension.js
[2020-11-08 22:14:55.026] [exthost] [info] ExtensionService#_doActivateExtension vscode.github-authentication {"startup":false,"extensionId":{"value":"vscode.github-authentication","_lower":"vscode.github-authentication"},"activationEvent":"onAuthenticationRequest:github"}
[2020-11-08 22:14:55.026] [exthost] [info] ExtensionService#loadCommonJSModule file:///snap/code/49/usr/share/code/resources/app/extensions/github-authentication/dist/extension.js
[2020-11-08 22:15:08.140] [exthost] [warning] [Decorations] CAPPING events from decorations provider vscode.git 558
[2020-11-08 22:15:20.863] [exthost] [warning] [Decorations] CAPPING events from decorations provider vscode.git 558
[2020-11-08 22:15:24.189] [exthost] [info] eager extensions activated
[2020-11-08 22:16:54.243] [exthost] [warning] [Decorations] CAPPING events from decorations provider vscode.git 559
[2020-11-08 22:17:03.556] [exthost] [warning] [Decorations] CAPPING events from decorations provider vscode.git 559
[2020-11-08 22:17:54.600] [exthost] [warning] [Decorations] CAPPING events from decorations provider vscode.git 559
[2020-11-08 22:19:48.816] [exthost] [warning] [Decorations] CAPPING events from decorations provider vscode.git 559
[2020-11-08 22:20:37.353] [exthost] [warning] [Decorations] CAPPING events from decorations provider vscode.git 560
[2020-11-08 22:20:44.305] [exthost] [warning] [Decorations] CAPPING events from decorations provider vscode.git 560
[2020-11-08 22:22:27.357] [exthost] [warning] [Decorations] CAPPING events from decorations provider vscode.git 562
[2020-11-08 22:22:32.431] [exthost] [warning] [Decorations] CAPPING events from decorations provider vscode.git 562
[2020-11-08 22:23:18.485] [exthost] [warning] [Decorations] CAPPING events from decorations provider vscode.git 562
[2020-11-08 22:23:30.040] [exthost] [warning] [Decorations] CAPPING events from decorations provider vscode.git 562
[2020-11-08 22:24:51.643] [exthost] [warning] [Decorations] CAPPING events from decorations provider vscode.git 562
[2020-11-08 22:25:17.588] [exthost] [warning] [Decorations] CAPPING events from decorations provider vscode.git 562
[2020-11-08 22:26:22.210] [exthost] [warning] [Decorations] CAPPING events from decorations provider vscode.git 562
[2020-11-08 22:27:30.771] [exthost] [warning] [Decorations] CAPPING events from decorations provider vscode.git 561
[2020-11-08 22:27:52.544] [exthost] [warning] [Decorations] CAPPING events from decorations provider vscode.git 561
[2020-11-08 22:28:34.644] [exthost] [warning] [Decorations] CAPPING events from decorations provider vscode.git 562
[2020-11-08 22:29:04.965] [exthost] [warning] [Decorations] CAPPING events from decorations provider vscode.git 562
